Array
(
    [event_id] => 01FWB4RV15HEXXYMVCZZZXBCPD
    [event_type] => form_response
    [form_response] => Array
        (
            [form_id] => dYZLn02x
            [token] => 01FWB4RV15HEXXYMVCZZZXBCPD
            [landed_at] => 2022-02-20T08:43:02Z
            [submitted_at] => 2022-02-20T08:43:02Z
            [definition] => Array
                (
                    [id] => dYZLn02x
                    [title] => Sidtrix Training Form
                    [fields] => Array
                        (
                            [0] => Array
                                (
                                    [id] => DLNf8VXFhfcR
                                    [title] => Great, can we get your full name?
                                    [type] => short_text
                                    [ref] => ef34b985c51e4131
                                    [properties] => Array
                                        (
                                        )

                                )

                            [1] => Array
                                (
                                    [id] => daxgJy7wwU48
                                    [title] => And what's your email address?
                                    [type] => email
                                    [ref] => 0c3cabd70157cf16
                                    [properties] => Array
                                        (
                                        )

                                )

                            [2] => Array
                                (
                                    [id] => qiKX1gGqMVCC
                                    [title] => Are you planning on staying for the afterparty?
                                    [type] => picture_choice
                                    [ref] => 7207397713e2b5e3
                                    [properties] => Array
                                        (
                                        )

                                    [choices] => Array
                                        (
                                            [0] => Array
                                                (
                                                    [id] => 5gGAGJ8TLrQN
                                                    [label] => Yes
                                                )

                                            [1] => Array
                                                (
                                                    [id] => Df8u4FV2M5S8
                                                    [label] => No
                                                )

                                        )

                                )

                            [3] => Array
                                (
                                    [id] => 6Ar21ZRkd0zG
                                    [title] => And do you have any food allergies we should know about?
                                    [type] => short_text
                                    [ref] => 9aaaeeebe70858c4
                                    [properties] => Array
                                        (
                                        )

                                )

                            [4] => Array
                                (
                                    [id] => ZIdt2FyR0WFB
                                    [title] => Any questions about the event?
                                    [type] => long_text
                                    [ref] => 18842abd9aa9ded4
                                    [properties] => Array
                                        (
                                        )

                                )

                            [5] => Array
                                (
                                    [id] => tMPOQCDIMJ0i
                                    [title] => And finally, would you mind telling us how you heard about the FormConf?
                                    [type] => multiple_choice
                                    [allow_other_choice] => 1
                                    [ref] => 261d0775b1f029cb
                                    [properties] => Array
                                        (
                                        )

                                    [choices] => Array
                                        (
                                            [0] => Array
                                                (
                                                    [id] => WdDbqBVwzyWx
                                                    [label] => Social media
                                                )

                                            [1] => Array
                                                (
                                                    [id] => liQEdEvOxgut
                                                    [label] => Google
                                                )

                                            [2] => Array
                                                (
                                                    [id] => arGFbWBXcKRT
                                                    [label] => Local advertising
                                                )

                                            [3] => Array
                                                (
                                                    [id] => t3vv6CAl6Htl
                                                    [label] => From a friend
                                                )

                                        )

                                )

                        )

                )

            [answers] => Array
                (
                    [0] => Array
                        (
                            [type] => text
                            [text] => Lorem ipsum dolor
                            [field] => Array
                                (
                                    [id] => DLNf8VXFhfcR
                                    [type] => short_text
                                    [ref] => ef34b985c51e4131
                                )

                        )

                    [1] => Array
                        (
                            [type] => email
                            [email] => an_account@example.com
                            [field] => Array
                                (
                                    [id] => daxgJy7wwU48
                                    [type] => email
                                    [ref] => 0c3cabd70157cf16
                                )

                        )

                    [2] => Array
                        (
                            [type] => choice
                            [choice] => Array
                                (
                                    [label] => Barcelona
                                )

                            [field] => Array
                                (
                                    [id] => qiKX1gGqMVCC
                                    [type] => picture_choice
                                    [ref] => 7207397713e2b5e3
                                )

                        )

                    [3] => Array
                        (
                            [type] => text
                            [text] => Lorem ipsum dolor
                            [field] => Array
                                (
                                    [id] => 6Ar21ZRkd0zG
                                    [type] => short_text
                                    [ref] => 9aaaeeebe70858c4
                                )

                        )

                    [4] => Array
                        (
                            [type] => text
                            [text] => Lorem ipsum dolor
                            [field] => Array
                                (
                                    [id] => ZIdt2FyR0WFB
                                    [type] => long_text
                                    [ref] => 18842abd9aa9ded4
                                )

                        )

                    [5] => Array
                        (
                            [type] => choice
                            [choice] => Array
                                (
                                    [label] => Barcelona
                                )

                            [field] => Array
                                (
                                    [id] => tMPOQCDIMJ0i
                                    [type] => multiple_choice
                                    [ref] => 261d0775b1f029cb
                                )

                        )

                )

        )

)
